-------------------------------------------------------------------------------
Test set: com.abhisheksamuely.movie.MovieCatalogServiceApplicationTests
-------------------------------------------------------------------------------
Tests run: 1, Failures: 0, Errors: 1, Skipped: 0, Time elapsed: 0.471 s <<< FAILURE! - in com.abhisheksamuely.movie.MovieCatalogServiceApplicationTests
com.abhisheksamuely.movie.MovieCatalogServiceApplicationTests  Time elapsed: 0.469 s  <<< ERROR!
java.lang.IllegalStateException: Unable to find a @SpringBootConfiguration, you need to use @ContextConfiguration or @SpringBootTest(classes=...) with your test

